[debug] [2026-02-05T09:44:13.365Z] ----------------------------------------------------------------------
[debug] [2026-02-05T09:44:13.368Z] Command:       C:\node.exe C:\Users\udali\AppData\Roaming\npm\node_modules\firebase-tools\lib\bin\firebase.js init
[debug] [2026-02-05T09:44:13.369Z] CLI Version:   15.5.1
[debug] [2026-02-05T09:44:13.369Z] Platform:      win32
[debug] [2026-02-05T09:44:13.369Z] Node Version:  v22.12.0
[debug] [2026-02-05T09:44:13.369Z] Time:          Thu Feb 05 2026 14:44:13 GMT+0500 (Узбекистан, стандартное время)
[debug] [2026-02-05T09:44:13.369Z] ----------------------------------------------------------------------
[debug] 
[debug] [2026-02-05T09:44:13.372Z] >>> [apiv2][query] GET https://firebase-public.firebaseio.com/cli.json [none]
[info] 
     ######## #### ########  ######## ########     ###     ######  ########
     ##        ##  ##     ## ##       ##     ##  ##   ##  ##       ##
     ######    ##  ########  ######   ########  #########  ######  ######
     ##        ##  ##    ##  ##       ##     ## ##     ##       ## ##
     ##       #### ##     ## ######## ########  ##     ##  ######  ########

You're about to initialize a Firebase project in this directory:

  C:\Users\udali\REACT\Next\akhmaduquvmarkazi

[debug] [2026-02-05T09:45:21.860Z] <<< [apiv2][status] GET https://firebase-public.firebaseio.com/cli.json 200
[debug] [2026-02-05T09:45:21.861Z] <<< [apiv2][body] GET https://firebase-public.firebaseio.com/cli.json {"cloudBuildErrorAfter":1594252800000,"cloudBuildWarnAfter":1590019200000,"defaultNode10After":1594252800000,"minVersion":"3.0.5","node8DeploysDisabledAfter":1613390400000,"node8RuntimeDisabledAfter":1615809600000,"node8WarnAfter":1600128000000}
[info] 
=== Project Setup
[info] 
[info] First, let's associate this project directory with a Firebase project.
[info] You can create multiple project aliases by running firebase use --add, 
[info] 
[debug] [2026-02-05T09:46:45.421Z] > command requires scopes: ["email","openid","https://www.googleapis.com/auth/cloudplatformprojects.readonly","https://www.googleapis.com/auth/firebase","https://www.googleapis.com/auth/cloud-platform"]
[debug] [2026-02-05T09:46:45.422Z] > authorizing via signed-in user (ilyosbeknuriddinov14@gmail.com)
[debug] [2026-02-05T09:46:45.423Z] Checked if tokens are valid: false, expires at: 1745858981210
[debug] [2026-02-05T09:46:45.423Z] Checked if tokens are valid: false, expires at: 1745858981210
[debug] [2026-02-05T09:46:45.424Z] > refreshing access token with scopes: []
[debug] [2026-02-05T09:46:45.425Z] >>> [apiv2][query] POST https://www.googleapis.com/oauth2/v3/token [none]
[debug] [2026-02-05T09:46:45.425Z] >>> [apiv2][body] POST https://www.googleapis.com/oauth2/v3/token [omitted]
[debug] [2026-02-05T09:46:45.909Z] <<< [apiv2][status] POST https://www.googleapis.com/oauth2/v3/token 400
[debug] [2026-02-05T09:46:45.909Z] <<< [apiv2][body] POST https://www.googleapis.com/oauth2/v3/token [omitted]
[debug] [2026-02-05T09:46:45.910Z] >>> [apiv2][query] GET https://firebase.googleapis.com/v1beta1/projects pageSize=100
[debug] [2026-02-05T09:46:46.400Z] <<< [apiv2][status] GET https://firebase.googleapis.com/v1beta1/projects 401
[debug] [2026-02-05T09:46:46.400Z] <<< [apiv2][body] GET https://firebase.googleapis.com/v1beta1/projects [omitted]
[debug] [2026-02-05T09:46:46.400Z] Got a 401 Unauthenticated error for a call that required authentication. Refreshing tokens.
[debug] [2026-02-05T09:46:46.400Z] Checked if tokens are valid: false, expires at: 1745858981210
[debug] [2026-02-05T09:46:46.400Z] Checked if tokens are valid: false, expires at: 1745858981210
[debug] [2026-02-05T09:46:46.400Z] > refreshing access token with scopes: []
[debug] [2026-02-05T09:46:46.400Z] >>> [apiv2][query] POST https://www.googleapis.com/oauth2/v3/token [none]
[debug] [2026-02-05T09:46:46.401Z] >>> [apiv2][body] POST https://www.googleapis.com/oauth2/v3/token [omitted]
[debug] [2026-02-05T09:46:46.505Z] <<< [apiv2][status] POST https://www.googleapis.com/oauth2/v3/token 400
[debug] [2026-02-05T09:46:46.505Z] <<< [apiv2][body] POST https://www.googleapis.com/oauth2/v3/token [omitted]
[debug] [2026-02-05T09:46:46.505Z] Request to https://firebase.googleapis.com/v1beta1/projects?pageSize=100 had HTTP Error: 401, Request had invalid authentication credentials. Expected OAuth 2 access token, login cookie or other valid authentication credential. See https://developers.google.com/identity/sign-in/web/devconsole-project.
[debug] [2026-02-05T09:46:46.781Z] FirebaseError: Request to https://firebase.googleapis.com/v1beta1/projects?pageSize=100 had HTTP Error: 401, Request had invalid authentication credentials. Expected OAuth 2 access token, login cookie or other valid authentication credential. See https://developers.google.com/identity/sign-in/web/devconsole-project.
    at responseToError (C:\Users\udali\AppData\Roaming\npm\node_modules\firebase-tools\lib\responseToError.js:53:12)
    at RetryOperation._fn (C:\Users\udali\AppData\Roaming\npm\node_modules\firebase-tools\lib\apiv2.js:330:77)
    at process.processTicksAndRejections (node:internal/process/task_queues:105:5)
[error] 
[error] Error: Failed to list Firebase projects. See firebase-debug.log for more info.
